<?xml version="1.0" encoding="UTF-8"?>
<testsuite name="SILab2Test" tests="1" skipped="0" failures="0" errors="0" timestamp="2022-06-02T00:00:56" hostname="BOJANA" time="0.013">
  <properties/>
  <testcase name="testEveryStatementAndEveryBranch()" classname="SILab2Test" time="0.013"/>
  <system-out><![CDATA[]]></system-out>
  <system-err><![CDATA[]]></system-err>
</testsuite>
